2026-01-14 12:13:45,053 | INFO     | Logging to: logs\x_scraper_2026-01-14_12-13-45.log
2026-01-14 12:13:45,054 | INFO     | ======================================================================
2026-01-14 12:13:45,054 | INFO     | X SCRAPER - STEALTH MODE (7-DAY WINDOW)
2026-01-14 12:13:45,054 | INFO     | Target: 1000 tweets
2026-01-14 12:13:45,054 | INFO     | ======================================================================
2026-01-14 12:13:45,675 | INFO     | ✓ Driver initialized successfully
2026-01-14 12:13:45,675 | INFO     | ╔══ Query: Q1 - '#nifty50' ══╗
2026-01-14 12:13:45,677 | INFO     | ║ Target: 1000 more tweets
2026-01-14 12:13:54,310 | INFO     | ║ Loop 0 | Total: 8/1000 | New: 8 | DOM: 8 | Rate: 480.0/min
2026-01-14 12:14:51,105 | INFO     | ║ Stalled. Refreshing...
2026-01-14 12:17:04,846 | INFO     | ║ Loop 50 | Total: 100/1000 | New: 2 | DOM: 10 | Rate: 31.3/min
2026-01-14 12:17:04,846 | INFO     | ╠═ Progress: 100/1000 (31.3 tweets/min)
2026-01-14 12:17:04,857 | INFO     | ✓ Checkpoint: 100 rows
2026-01-14 12:19:14,974 | INFO     | ╠═ Progress: 204/1000 (38.0 tweets/min)
2026-01-14 12:19:14,980 | INFO     | ✓ Checkpoint: 204 rows
2026-01-14 12:20:20,375 | INFO     | ║ Loop 100 | Total: 250/1000 | New: 2 | DOM: 11 | Rate: 38.8/min
2026-01-14 12:21:21,128 | INFO     | ╠═ Progress: 303/1000 (40.6 tweets/min)
2026-01-14 12:21:21,136 | INFO     | ✓ Checkpoint: 303 rows
2026-01-14 12:23:15,838 | INFO     | ║ Loop 150 | Total: 386/1000 | New: 4 | DOM: 11 | Rate: 41.1/min
2026-01-14 12:23:32,692 | INFO     | ╠═ Progress: 400/1000 (41.5 tweets/min)
2026-01-14 12:23:32,701 | INFO     | ✓ Checkpoint: 400 rows
2026-01-14 12:25:53,605 | INFO     | ║ Stalled. Refreshing...
2026-01-14 12:26:13,240 | INFO     | ║ Loop 200 | Total: 479/1000 | New: 0 | DOM: 5 | Rate: 38.8/min
2026-01-14 12:26:20,661 | INFO     | ║ Stalled. Refreshing...
2026-01-14 12:26:46,675 | INFO     | ║ Stalled. Refreshing...
2026-01-14 12:27:10,489 | INFO     | ║ Stalled. Refreshing...
2026-01-14 12:27:38,219 | INFO     | ║ Stalled. Refreshing...
2026-01-14 12:28:01,057 | INFO     | ║ Stalled. Refreshing...
2026-01-14 12:28:23,428 | INFO     | ║ Stalled. Refreshing...
2026-01-14 12:28:30,178 | INFO     | ╚═ Query exhausted. Found 481 tweets in 877s
2026-01-14 12:28:30,178 | INFO     | Waiting 7.9s before next query...
2026-01-14 12:28:38,042 | INFO     | ╔══ Query: Q2 - '#sensex OR #bse' ══╗
2026-01-14 12:28:38,042 | INFO     | ║ Target: 519 more tweets
2026-01-14 12:28:47,966 | INFO     | ║ Loop 0 | Total: 485/1000 | New: 4 | DOM: 5 | Rate: 240.0/min
2026-01-14 12:29:08,552 | INFO     | ║ Stalled. Refreshing...
2026-01-14 12:29:12,621 | INFO     | ║ ⚠ Low DOM count (0) - possible rate limit. Waiting 30s...
2026-01-14 12:30:11,924 | INFO     | ║ Stalled. Refreshing...
2026-01-14 12:30:37,814 | INFO     | ║ Stalled. Refreshing...
2026-01-14 12:30:42,542 | INFO     | ║ ⚠ Low DOM count (0) - possible rate limit. Waiting 30s...
2026-01-14 12:31:40,783 | INFO     | ║ Stalled. Refreshing...
2026-01-14 12:32:03,697 | INFO     | ║ Stalled. Refreshing...
2026-01-14 12:32:26,661 | INFO     | ║ Stalled. Refreshing...
2026-01-14 12:32:33,524 | INFO     | ╚═ Query exhausted. Found 8 tweets in 226s
2026-01-14 12:32:33,524 | INFO     | Waiting 7.9s before next query...
2026-01-14 12:32:41,467 | INFO     | ╔══ Query: Q3 - '#banknifty OR #banknifty50' ══╗
2026-01-14 12:32:41,467 | INFO     | ║ Target: 511 more tweets
2026-01-14 12:32:51,384 | INFO     | ║ Loop 0 | Total: 492/1000 | New: 3 | DOM: 5 | Rate: 180.0/min
2026-01-14 12:33:11,048 | INFO     | ║ Stalled. Refreshing...
2026-01-14 12:33:35,585 | INFO     | ║ Stalled. Refreshing...
2026-01-14 12:33:59,818 | INFO     | ║ Stalled. Refreshing...
2026-01-14 12:34:24,097 | INFO     | ║ Stalled. Refreshing...
2026-01-14 12:34:30,306 | INFO     | ╚═ Query exhausted. Found 5 tweets in 99s
2026-01-14 12:34:30,306 | INFO     | Waiting 5.8s before next query...
2026-01-14 12:34:36,075 | INFO     | ╔══ Query: Q4 - 'nifty intraday' ══╗
2026-01-14 12:34:36,075 | INFO     | ║ Target: 506 more tweets
2026-01-14 12:34:46,820 | INFO     | ║ Loop 0 | Total: 499/1000 | New: 5 | DOM: 5 | Rate: 300.0/min
2026-01-14 12:35:07,908 | INFO     | ║ Stalled. Refreshing...
2026-01-14 12:35:32,496 | INFO     | ║ Stalled. Refreshing...
2026-01-14 12:35:57,156 | INFO     | ║ Stalled. Refreshing...
2026-01-14 12:36:01,637 | INFO     | ║ ⚠ Low DOM count (0) - possible rate limit. Waiting 30s...
2026-01-14 12:36:37,934 | INFO     | ╚═ Query exhausted. Found 5 tweets in 112s
2026-01-14 12:36:37,934 | INFO     | Waiting 8.0s before next query...
2026-01-14 12:36:45,903 | INFO     | ╔══ Query: Q5 - 'nifty options' ══╗
2026-01-14 12:36:45,903 | INFO     | ║ Target: 501 more tweets
2026-01-14 12:36:55,856 | INFO     | ║ Loop 0 | Total: 502/1000 | New: 3 | DOM: 5 | Rate: 180.0/min
2026-01-14 12:36:55,856 | INFO     | ╠═ Progress: 502/1000 (180.0 tweets/min)
2026-01-14 12:36:55,868 | INFO     | ✓ Checkpoint: 502 rows
2026-01-14 12:37:18,788 | INFO     | ║ Stalled. Refreshing...
2026-01-14 12:39:24,073 | INFO     | ╠═ Progress: 602/1000 (41.5 tweets/min)
2026-01-14 12:39:24,085 | INFO     | ✓ Checkpoint: 602 rows
2026-01-14 12:40:40,232 | INFO     | ║ Loop 50 | Total: 659/1000 | New: 5 | DOM: 19 | Rate: 42.7/min
2026-01-14 12:41:37,179 | INFO     | ╠═ Progress: 702/1000 (43.2 tweets/min)
2026-01-14 12:41:37,192 | INFO     | ✓ Checkpoint: 702 rows
2026-01-14 12:43:35,883 | INFO     | ╠═ Progress: 802/1000 (45.3 tweets/min)
2026-01-14 12:43:35,897 | INFO     | ✓ Checkpoint: 802 rows
2026-01-14 12:44:42,078 | INFO     | ║ Loop 100 | Total: 864/1000 | New: 5 | DOM: 18 | Rate: 46.9/min
2026-01-14 12:45:26,345 | INFO     | ╠═ Progress: 900/1000 (47.1 tweets/min)
2026-01-14 12:45:26,361 | INFO     | ✓ Checkpoint: 900 rows
2026-01-14 12:47:28,778 | INFO     | ╠═ Progress: 1004/1000 (47.8 tweets/min)
2026-01-14 12:47:28,797 | INFO     | ✓ Checkpoint: 1004 rows
2026-01-14 12:47:31,086 | INFO     | ======================================================================
2026-01-14 12:47:31,087 | INFO     | COMPLETE: 1004 tweets in 2025s (29.7 tweets/min)
2026-01-14 12:47:31,087 | INFO     | ======================================================================
2026-01-14 12:47:31,133 | INFO     | ======================================================================
2026-01-14 12:47:31,133 | INFO     | SAVED: 1004 unique tweets → data\raw\tweets_combined.csv
2026-01-14 12:47:31,133 | INFO     | Time: 2025s | Rate: 29.7 tweets/min
2026-01-14 12:47:31,133 | INFO     | ======================================================================
2026-01-14 12:47:31,136 | INFO     | Hashtags: 518
2026-01-14 12:47:31,138 | INFO     | Mentions: 29
2026-01-14 12:47:31,141 | INFO     | Avg engagement: 0.8 likes
2026-01-14 12:47:31,162 | INFO     | Top hashtags: #Nifty50, #Nifty, #OptionsTrading, #Sensex, #StockMarket
