2026-01-14 11:06:34,943 | INFO     | Logging initialized. Log file: logs\x_scraper_2026-01-14_11-06-34.log
2026-01-14 11:06:34,943 | INFO     | ======================================================================
2026-01-14 11:06:34,943 | INFO     | X SCRAPER STARTING
2026-01-14 11:06:34,944 | INFO     | ======================================================================
2026-01-14 11:06:35,684 | INFO     | --- Query: Q1 ---
2026-01-14 11:06:35,684 | INFO     | URL: https://x.com/search?q=%28%28%23nifty50%20OR%20%23sensex%20OR%20%23intraday%20OR%20%23banknifty%29%29%20since%3A2026-01-13&src=typed_query&f=live
2026-01-14 11:06:46,945 | INFO     | Alive[Q1] | loop=0 | total_rows=8 | new=8 | old=0 | dom=8
2026-01-14 11:07:18,414 | INFO     | Stall detected[Q1]. Hard scroll nudge...
2026-01-14 11:07:45,738 | INFO     | Stall detected[Q1]. Hard scroll nudge...
2026-01-14 11:08:08,182 | INFO     | Alive[Q1] | loop=25 | total_rows=13 | new=0 | old=0 | dom=6
2026-01-14 11:08:13,149 | INFO     | Stall detected[Q1]. Hard scroll nudge...
2026-01-14 11:08:40,605 | INFO     | Stall detected[Q1]. Hard scroll nudge...
2026-01-14 11:09:05,939 | INFO     | No new tweets for query 'Q1'. Collected so far: 13. Moving to next query.
2026-01-14 11:09:05,939 | INFO     | --- Query: Q2 ---
2026-01-14 11:09:05,940 | INFO     | URL: https://x.com/search?q=%28%28nifty%20OR%20sensex%20OR%20banknifty%20OR%20%22nifty%2050%22%20OR%20%22bank%20nifty%22%20OR%20%24NIFTY%20OR%20%24BANKNIFTY%20OR%20%24SENSEX%29%29%20since%3A2026-01-13&src=typed_query&f=live
2026-01-14 11:09:16,031 | INFO     | Alive[Q2] | loop=0 | total_rows=18 | new=5 | old=0 | dom=5
2026-01-14 11:09:39,464 | INFO     | Stall detected[Q2]. Hard scroll nudge...
2026-01-14 11:10:04,251 | INFO     | Stall detected[Q2]. Hard scroll nudge...
2026-01-14 11:10:29,032 | INFO     | Stall detected[Q2]. Hard scroll nudge...
2026-01-14 11:10:32,525 | INFO     | Alive[Q2] | loop=25 | total_rows=18 | new=0 | old=0 | dom=5
2026-01-14 11:10:53,881 | INFO     | Stall detected[Q2]. Hard scroll nudge...
2026-01-14 11:11:16,947 | INFO     | No new tweets for query 'Q2'. Collected so far: 18. Moving to next query.
2026-01-14 11:11:16,947 | INFO     | --- Query: Q3 ---
2026-01-14 11:11:16,947 | INFO     | URL: https://x.com/search?q=%28%28%28intraday%20OR%20scalping%20OR%20%22option%20chain%22%20OR%20options%20OR%20futures%20OR%20expiry%20OR%20%22F%26O%22%29%20%28nifty%20OR%20sensex%20OR%20banknifty%29%29%29%20since%3A2026-01-13&src=typed_query&f=live
2026-01-14 11:11:27,311 | INFO     | Alive[Q3] | loop=0 | total_rows=21 | new=3 | old=0 | dom=5
2026-01-14 11:11:50,622 | INFO     | Stall detected[Q3]. Hard scroll nudge...
2026-01-14 11:12:15,527 | INFO     | Stall detected[Q3]. Hard scroll nudge...
2026-01-14 11:12:40,395 | INFO     | Stall detected[Q3]. Hard scroll nudge...
2026-01-14 11:12:43,898 | INFO     | Alive[Q3] | loop=25 | total_rows=21 | new=0 | old=0 | dom=5
2026-01-14 11:13:05,375 | INFO     | Stall detected[Q3]. Hard scroll nudge...
2026-01-14 11:13:28,566 | INFO     | No new tweets for query 'Q3'. Collected so far: 21. Moving to next query.
2026-01-14 11:13:28,566 | INFO     | --- Query: Q4 ---
2026-01-14 11:13:28,566 | INFO     | URL: https://x.com/search?q=%28%28%28%23stockmarket%20OR%20%23stocks%20OR%20%23trading%29%20%28nifty%20OR%20sensex%20OR%20banknifty%20OR%20india%29%29%29%20since%3A2026-01-13&src=typed_query&f=live
2026-01-14 11:13:39,005 | INFO     | Alive[Q4] | loop=0 | total_rows=26 | new=5 | old=0 | dom=5
2026-01-14 11:14:02,132 | INFO     | Stall detected[Q4]. Hard scroll nudge...
2026-01-14 11:14:26,821 | INFO     | Stall detected[Q4]. Hard scroll nudge...
2026-01-14 11:14:51,601 | INFO     | Stall detected[Q4]. Hard scroll nudge...
2026-01-14 11:14:55,135 | INFO     | Alive[Q4] | loop=25 | total_rows=26 | new=0 | old=0 | dom=5
2026-01-14 11:15:16,438 | INFO     | Stall detected[Q4]. Hard scroll nudge...
2026-01-14 11:15:39,590 | INFO     | No new tweets for query 'Q4'. Collected so far: 26. Moving to next query.
2026-01-14 11:15:39,590 | INFO     | All queries exhausted. Collected 26 unique tweets in 543s.
2026-01-14 11:15:39,601 | INFO     | ======================================================================
2026-01-14 11:15:39,601 | INFO     | FINISHED: 26 unique tweets saved to data\raw\tweets_combined.csv.
2026-01-14 11:15:39,601 | INFO     | ======================================================================
