2026-01-14 11:36:35,017 | INFO     | Logging initialized. Log file: logs\x_scraper_2026-01-14_11-36-35.log
2026-01-14 11:36:35,017 | INFO     | ======================================================================
2026-01-14 11:36:35,017 | INFO     | X SCRAPER STARTING (MULTI-QUERY, GLOBAL DEDUPE, FIXED)
2026-01-14 11:36:35,017 | INFO     | ======================================================================
2026-01-14 11:36:35,698 | INFO     | --- Query: Q1 ---
2026-01-14 11:36:35,698 | INFO     | URL: https://x.com/search?q=%28%28%23nifty50%20OR%20%23sensex%20OR%20%23intraday%20OR%20%23banknifty%29%29%20since%3A2026-01-13&src=typed_query&f=live
2026-01-14 11:36:46,377 | INFO     | Alive[Q1] | loop=0 | total_rows=10 | new=10 | old=0 | dom=10
2026-01-14 11:37:23,898 | INFO     | Stall persists[Q1]. Reloading query page to re-kick loading...
2026-01-14 11:38:00,743 | INFO     | Stall persists[Q1]. Reloading query page to re-kick loading...
2026-01-14 11:38:24,877 | INFO     | Alive[Q1] | loop=25 | total_rows=12 | new=0 | old=0 | dom=5
2026-01-14 11:38:35,899 | INFO     | Stall persists[Q1]. Reloading query page to re-kick loading...
2026-01-14 11:39:12,570 | INFO     | Stall persists[Q1]. Reloading query page to re-kick loading...
2026-01-14 11:39:47,430 | INFO     | Stall persists[Q1]. Reloading query page to re-kick loading...
2026-01-14 11:40:02,541 | INFO     | Alive[Q1] | loop=50 | total_rows=17 | new=0 | old=0 | dom=5
2026-01-14 11:40:25,269 | INFO     | Stall persists[Q1]. Reloading query page to re-kick loading...
2026-01-14 11:41:02,758 | INFO     | Stall persists[Q1]. Reloading query page to re-kick loading...
2026-01-14 11:41:31,661 | INFO     | Alive[Q1] | loop=75 | total_rows=21 | new=0 | old=0 | dom=5
2026-01-14 11:41:40,137 | INFO     | Stall persists[Q1]. Reloading query page to re-kick loading...
2026-01-14 11:42:17,341 | INFO     | Stall persists[Q1]. Reloading query page to re-kick loading...
2026-01-14 11:42:54,688 | INFO     | Stall persists[Q1]. Reloading query page to re-kick loading...
2026-01-14 11:43:09,419 | INFO     | Alive[Q1] | loop=100 | total_rows=25 | new=0 | old=0 | dom=5
2026-01-14 11:43:31,706 | INFO     | Stall persists[Q1]. Reloading query page to re-kick loading...
2026-01-14 11:44:08,831 | INFO     | Stall persists[Q1]. Reloading query page to re-kick loading...
2026-01-14 11:44:42,348 | INFO     | Alive[Q1] | loop=125 | total_rows=31 | new=5 | old=0 | dom=12
2026-01-14 11:44:54,150 | INFO     | Progress TOTAL: 55/2000 | Query=Q1 | Scrolls=129 | dom=12
2026-01-14 11:44:54,161 | INFO     | Checkpoint saved: 55 total rows processed.
2026-01-14 11:45:34,886 | INFO     | Stall persists[Q1]. Reloading query page to re-kick loading...
2026-01-14 11:46:30,397 | INFO     | Alive[Q1] | loop=150 | total_rows=72 | new=0 | old=0 | dom=14
2026-01-14 11:46:59,816 | INFO     | Stall persists[Q1]. Reloading query page to re-kick loading...
2026-01-14 11:48:09,346 | INFO     | Stall persists[Q1]. Reloading query page to re-kick loading...
2026-01-14 11:48:38,311 | INFO     | Alive[Q1] | loop=175 | total_rows=77 | new=0 | old=0 | dom=14
