2026-01-14 13:00:31,683 | INFO     | Logging to: logs\x_scraper_2026-01-14_13-00-31.log
2026-01-14 13:00:31,683 | INFO     | ======================================================================
2026-01-14 13:00:31,683 | INFO     | X SCRAPER - STEALTH MODE (7-DAY WINDOW)
2026-01-14 13:00:31,683 | INFO     | Target: 1000 tweets
2026-01-14 13:00:31,684 | INFO     | ======================================================================
2026-01-14 13:00:32,364 | INFO     | ✓ Driver connected successfully
2026-01-14 13:00:32,374 | INFO     | ╔══ Query: Q1 - '#nifty50' ══╗
2026-01-14 13:00:32,376 | INFO     | ║ Target: 1000 more tweets
2026-01-14 13:00:41,541 | INFO     | ║ DEBUG - First load: 5 articles found
2026-01-14 13:00:41,554 | INFO     | ║ DEBUG - Page title: 
2026-01-14 13:00:41,555 | WARNING  | ║ ⚠️  WARNING: Low article count! X might be blocking or rate-limiting.
2026-01-14 13:00:42,644 | INFO     | ║ Loop 0 | Total: 5/1000 | New: 5 | DOM: 5 | Rate: 300.0/min
2026-01-14 13:03:08,458 | INFO     | ╠═ Progress: 101/1000 (41.5 tweets/min)
2026-01-14 13:03:08,469 | INFO     | ✓ Checkpoint: 101 rows
2026-01-14 13:03:44,090 | INFO     | ║ Loop 50 | Total: 124/1000 | New: 4 | DOM: 11 | Rate: 40.9/min
2026-01-14 13:05:19,160 | INFO     | ╠═ Progress: 202/1000 (43.8 tweets/min)
2026-01-14 13:05:19,167 | INFO     | ✓ Checkpoint: 202 rows
2026-01-14 13:06:58,045 | INFO     | ║ Loop 100 | Total: 268/1000 | New: 3 | DOM: 14 | Rate: 42.8/min
2026-01-14 13:07:45,097 | INFO     | ╠═ Progress: 301/1000 (42.7 tweets/min)
2026-01-14 13:07:45,105 | INFO     | ✓ Checkpoint: 301 rows
2026-01-14 13:09:49,452 | INFO     | ║ Loop 150 | Total: 390/1000 | New: 2 | DOM: 11 | Rate: 42.8/min
2026-01-14 13:10:35,597 | INFO     | ║ Stalled. Refreshing...
2026-01-14 13:10:41,310 | INFO     | ╠═ Progress: 403/1000 (40.4 tweets/min)
2026-01-14 13:10:41,319 | INFO     | ✓ Checkpoint: 403 rows
2026-01-14 13:11:01,219 | INFO     | ║ Stalled. Refreshing...
2026-01-14 13:11:26,694 | INFO     | ║ Stalled. Refreshing...
2026-01-14 13:11:48,458 | INFO     | ║ Stalled. Refreshing...
2026-01-14 13:11:52,568 | INFO     | ║ ⚠ Low DOM count (0) - possible rate limit. Waiting 30s...
2026-01-14 13:12:49,254 | INFO     | ║ Stalled. Refreshing...
2026-01-14 13:13:12,798 | INFO     | ║ Loop 200 | Total: 405/1000 | New: 0 | DOM: 5 | Rate: 32.4/min
2026-01-14 13:13:12,798 | INFO     | ║ Stalled. Refreshing...
2026-01-14 13:13:19,122 | INFO     | ║ Loop 200 | Total: 405/1000 | New: 0 | DOM: 5 | Rate: 32.1/min
2026-01-14 13:13:36,656 | INFO     | ║ Stalled. Refreshing...
2026-01-14 13:13:43,640 | INFO     | ╚═ Query exhausted. Found 405 tweets in 782s
2026-01-14 13:13:43,640 | INFO     | Waiting 7.0s before next query...
2026-01-14 13:13:50,656 | INFO     | ╔══ Query: Q2 - '#sensex OR #bse' ══╗
2026-01-14 13:13:50,656 | INFO     | ║ Target: 595 more tweets
2026-01-14 13:14:00,384 | INFO     | ║ DEBUG - First load: 5 articles found
2026-01-14 13:14:00,398 | INFO     | ║ DEBUG - Page title: 
2026-01-14 13:14:00,398 | WARNING  | ║ ⚠️  WARNING: Low article count! X might be blocking or rate-limiting.
2026-01-14 13:14:01,378 | INFO     | ║ Loop 0 | Total: 409/1000 | New: 4 | DOM: 5 | Rate: 240.0/min
2026-01-14 13:14:19,934 | INFO     | ║ Stalled. Refreshing...
2026-01-14 13:14:40,882 | INFO     | ║ Stalled. Refreshing...
2026-01-14 13:15:04,301 | INFO     | ║ Stalled. Refreshing...
2026-01-14 13:15:09,935 | INFO     | ╚═ Query exhausted. Found 4 tweets in 69s
2026-01-14 13:15:09,935 | INFO     | Waiting 9.6s before next query...
2026-01-14 13:15:19,533 | INFO     | ╔══ Query: Q3 - '#banknifty OR #banknifty50' ══╗
2026-01-14 13:15:19,533 | INFO     | ║ Target: 591 more tweets
2026-01-14 13:15:28,557 | INFO     | ║ DEBUG - First load: 7 articles found
2026-01-14 13:15:28,571 | INFO     | ║ DEBUG - Page title: (#banknifty OR #banknifty50) since:2026-01-07 - Se
2026-01-14 13:15:28,571 | WARNING  | ║ ⚠️  WARNING: Low article count! X might be blocking or rate-limiting.
2026-01-14 13:15:29,948 | INFO     | ║ Loop 0 | Total: 415/1000 | New: 6 | DOM: 7 | Rate: 360.0/min
2026-01-14 13:16:19,758 | INFO     | ║ Stalled. Refreshing...
2026-01-14 13:16:42,605 | INFO     | ║ Stalled. Refreshing...
2026-01-14 13:17:07,066 | INFO     | ║ Stalled. Refreshing...
2026-01-14 13:17:13,424 | INFO     | ╚═ Query exhausted. Found 15 tweets in 104s
2026-01-14 13:17:13,424 | INFO     | Waiting 7.1s before next query...
2026-01-14 13:17:20,521 | INFO     | ╔══ Query: Q4 - 'nifty intraday' ══╗
2026-01-14 13:17:20,522 | INFO     | ║ Target: 576 more tweets
2026-01-14 13:17:29,041 | INFO     | ║ DEBUG - First load: 5 articles found
2026-01-14 13:17:29,062 | INFO     | ║ DEBUG - Page title: 
2026-01-14 13:17:29,063 | WARNING  | ║ ⚠️  WARNING: Low article count! X might be blocking or rate-limiting.
2026-01-14 13:17:29,977 | INFO     | ║ Loop 0 | Total: 427/1000 | New: 3 | DOM: 5 | Rate: 180.0/min
2026-01-14 13:17:49,847 | INFO     | ║ Stalled. Refreshing...
2026-01-14 13:18:10,262 | INFO     | ║ Stalled. Refreshing...
2026-01-14 13:18:33,625 | INFO     | ║ Stalled. Refreshing...
2026-01-14 13:18:38,998 | INFO     | ╚═ Query exhausted. Found 3 tweets in 69s
2026-01-14 13:18:38,998 | INFO     | Waiting 7.1s before next query...
2026-01-14 13:18:46,078 | INFO     | ╔══ Query: Q5 - 'nifty options' ══╗
2026-01-14 13:18:46,078 | INFO     | ║ Target: 573 more tweets
2026-01-14 13:18:55,867 | INFO     | ║ DEBUG - First load: 5 articles found
2026-01-14 13:18:55,876 | INFO     | ║ DEBUG - Page title: 
2026-01-14 13:18:55,876 | WARNING  | ║ ⚠️  WARNING: Low article count! X might be blocking or rate-limiting.
2026-01-14 13:18:56,403 | INFO     | ║ Loop 0 | Total: 428/1000 | New: 1 | DOM: 5 | Rate: 60.0/min
2026-01-14 13:19:10,835 | INFO     | ║ Stalled. Refreshing...
2026-01-14 13:19:32,057 | INFO     | ║ Stalled. Refreshing...
2026-01-14 13:19:51,176 | INFO     | ║ Stalled. Refreshing...
2026-01-14 13:19:55,891 | INFO     | ╚═ Query exhausted. Found 1 tweets in 60s
2026-01-14 13:19:55,891 | INFO     | Waiting 9.7s before next query...
2026-01-14 13:20:05,626 | INFO     | ╔══ Query: Q6 - 'sensex today OR nifty today' ══╗
2026-01-14 13:20:05,626 | INFO     | ║ Target: 572 more tweets
2026-01-14 13:20:14,683 | INFO     | ║ DEBUG - First load: 5 articles found
2026-01-14 13:20:14,698 | INFO     | ║ DEBUG - Page title: 
2026-01-14 13:20:14,698 | WARNING  | ║ ⚠️  WARNING: Low article count! X might be blocking or rate-limiting.
2026-01-14 13:20:15,633 | INFO     | ║ Loop 0 | Total: 431/1000 | New: 3 | DOM: 5 | Rate: 180.0/min
2026-01-14 13:20:34,588 | INFO     | ║ Stalled. Refreshing...
2026-01-14 13:20:57,575 | INFO     | ║ Stalled. Refreshing...
2026-01-14 13:21:20,788 | INFO     | ║ Stalled. Refreshing...
2026-01-14 13:21:27,401 | INFO     | ╚═ Query exhausted. Found 3 tweets in 72s
2026-01-14 13:21:27,402 | INFO     | Waiting 9.9s before next query...
2026-01-14 13:21:37,293 | INFO     | ╔══ Query: Q7 - 'indian stock market' ══╗
2026-01-14 13:21:37,293 | INFO     | ║ Target: 569 more tweets
2026-01-14 13:21:46,671 | INFO     | ║ DEBUG - First load: 5 articles found
2026-01-14 13:21:46,678 | INFO     | ║ DEBUG - Page title: 
2026-01-14 13:21:46,678 | WARNING  | ║ ⚠️  WARNING: Low article count! X might be blocking or rate-limiting.
2026-01-14 13:21:47,713 | INFO     | ║ Loop 0 | Total: 436/1000 | New: 5 | DOM: 5 | Rate: 300.0/min
2026-01-14 13:22:04,924 | INFO     | ║ Stalled. Refreshing...
2026-01-14 13:22:27,366 | INFO     | ║ Stalled. Refreshing...
2026-01-14 13:22:51,941 | INFO     | ║ Stalled. Refreshing...
2026-01-14 13:23:18,352 | INFO     | ║ Stalled. Refreshing...
2026-01-14 13:23:41,900 | INFO     | ║ Stalled. Refreshing...
2026-01-14 13:24:05,361 | INFO     | ║ Stalled. Refreshing...
2026-01-14 13:24:11,317 | INFO     | ╚═ Query exhausted. Found 6 tweets in 144s
2026-01-14 13:24:11,318 | INFO     | Waiting 7.6s before next query...
2026-01-14 13:24:18,947 | INFO     | ╔══ Query: Q8 - 'nifty futures OR banknifty futures' ══╗
2026-01-14 13:24:18,948 | INFO     | ║ Target: 563 more tweets
2026-01-14 13:24:27,431 | INFO     | ║ DEBUG - First load: 5 articles found
2026-01-14 13:24:27,442 | INFO     | ║ DEBUG - Page title: 
2026-01-14 13:24:27,442 | WARNING  | ║ ⚠️  WARNING: Low article count! X might be blocking or rate-limiting.
2026-01-14 13:24:28,211 | INFO     | ║ Loop 0 | Total: 440/1000 | New: 3 | DOM: 5 | Rate: 180.0/min
2026-01-14 13:24:45,872 | INFO     | ║ Stalled. Refreshing...
2026-01-14 13:25:06,923 | INFO     | ║ Stalled. Refreshing...
2026-01-14 13:25:27,007 | INFO     | ║ Stalled. Refreshing...
2026-01-14 13:25:32,313 | INFO     | ╚═ Query exhausted. Found 3 tweets in 64s
2026-01-14 13:25:32,313 | INFO     | Waiting 5.4s before next query...
2026-01-14 13:25:37,691 | INFO     | ======================================================================
2026-01-14 13:25:37,691 | INFO     | COMPLETE: 440 tweets in 1505s (17.5 tweets/min)
2026-01-14 13:25:37,691 | INFO     | ======================================================================
2026-01-14 13:25:37,704 | INFO     | ======================================================================
2026-01-14 13:25:37,704 | INFO     | SAVED: 440 unique tweets → data\raw\tweets_combined.csv
2026-01-14 13:25:37,705 | INFO     | Time: 1505s | Rate: 17.5 tweets/min
2026-01-14 13:25:37,705 | INFO     | ======================================================================
2026-01-14 13:25:37,706 | INFO     | Hashtags: 432
2026-01-14 13:25:37,707 | INFO     | Mentions: 23
2026-01-14 13:25:37,708 | INFO     | Avg engagement: 0.9 likes
2026-01-14 13:25:37,717 | INFO     | Top hashtags: #Nifty50, #Nifty, #OptionsTrading, #StockMarketIndia, #Sensex
